
> create-app@0.0.0 build-storybook /home/saranya/Documents/ang-storybook
> npm run docs:json && build-storybook "--output-dir" "/tmp/chromatic--11063-Vtyn1zKzV5CQ"


> create-app@0.0.0 docs:json /home/saranya/Documents/ang-storybook
> compodoc -p ./tsconfig.json -e json -d .

[0m
[0m [0m [0m [0m [0m [0m [0m [0m [0m [0m [0m [0m [0m [0m [0m [0m [0m [0m [0m [0m [0m [0m [0m [0m [0m [0m [0m [0m [0m [0m [0m [0m [0m [0m [0m [0m [0m [0m [0m [0m [0m [0m [0m [0m [0m [0m [0m [0m [0m [0m [0m [0m [0m [0m [0m [0m [0m [0m [0m [48;5;255m [48;5;255m [0m [0m [0m [0m [0m [0m [0m [0m [0m [0m [0m [0m
[0m [0m [0m [0m [0m [0m [0m [0m [0m [0m [0m [0m [0m [0m [0m [0m [0m [0m [0m [0m [0m [0m [0m [0m [0m [0m [0m [0m [0m [0m [0m [0m [0m [0m [0m [0m [0m [0m [0m [0m [0m [0m [0m [0m [0m [0m [0m [0m [0m [0m [0m [0m [0m [0m [0m [0m [0m [0m [0m [48;5;255m [48;5;255m [0m [0m [0m [0m [0m [0m [0m [0m [0m [0m [0m [0m
[0m [0m [0m [0m [0m [0m [0m [0m [0m [0m [0m [0m [0m [0m [0m [0m [0m [0m [0m [0m [0m [0m [0m [0m [0m [0m [0m [0m [0m [0m [0m [0m [0m [0m [0m [0m [0m [0m [0m [0m [0m [0m [0m [0m [0m [0m [0m [0m [0m [0m [0m [0m [0m [0m [0m [0m [0m [0m [0m [48;5;255m [48;5;255m [0m [0m [0m [0m [0m [0m [0m [0m [0m [0m [0m [0m
[48;5;255m [48;5;255m [48;5;255m [48;5;255m [48;5;255m [48;5;255m [48;5;255m [0m [0m [48;5;255m [48;5;255m [48;5;255m [48;5;255m [48;5;255m [48;5;255m [48;5;255m [48;5;255m [0m [0m [48;5;255m [48;5;255m [48;5;255m [48;5;255m [48;5;255m [48;5;255m [48;5;255m [48;5;255m [48;5;255m [48;5;255m [48;5;255m [48;5;255m [0m [0m [48;5;255m [48;5;255m [48;5;255m [48;5;255m [48;5;255m [48;5;255m [48;5;255m [48;5;255m [0m [0m [48;5;255m [48;5;255m [48;5;255m [48;5;255m [48;5;255m [48;5;255m [48;5;255m [48;5;255m [0m [0m [48;5;255m [48;5;255m [48;5;255m [48;5;255m [48;5;255m [48;5;255m [48;5;255m [48;5;255m [0m [0m [48;5;255m [48;5;255m [48;5;255m [48;5;255m [48;5;255m [48;5;255m [48;5;255m [48;5;255m [0m [0m [48;5;255m [48;5;255m [48;5;255m [48;5;255m [48;5;255m [48;5;255m [48;5;255m [48;5;255m [0m
[48;5;255m [48;5;255m [0m [0m [0m [0m [0m [0m [0m [48;5;255m [48;5;255m [0m [0m [0m [0m [48;5;255m [48;5;255m [0m [0m [48;5;255m [48;5;255m [0m [0m [0m [48;5;255m [48;5;255m [0m [0m [0m [48;5;255m [48;5;255m [0m [0m [48;5;255m [48;5;255m [0m [0m [0m [0m [48;5;255m [48;5;255m [0m [0m [48;5;255m [48;5;255m [0m [0m [0m [0m [48;5;255m [48;5;255m [0m [0m [48;5;255m [48;5;255m [0m [0m [0m [0m [48;5;255m [48;5;255m [0m [0m [48;5;255m [48;5;255m [0m [0m [0m [0m [48;5;255m [48;5;255m [0m [0m [48;5;255m [48;5;255m [0m
[48;5;255m [48;5;255m [0m [0m [0m [0m [0m [0m [0m [48;5;255m [48;5;255m [0m [0m [0m [0m [48;5;255m [48;5;255m [0m [0m [48;5;255m [48;5;255m [0m [0m [0m [48;5;255m [48;5;255m [0m [0m [0m [48;5;255m [48;5;255m [0m [0m [48;5;255m [48;5;255m [0m [0m [0m [0m [48;5;255m [48;5;255m [0m [0m [48;5;255m [48;5;255m [0m [0m [0m [0m [48;5;255m [48;5;255m [0m [0m [48;5;255m [48;5;255m [0m [0m [0m [0m [48;5;255m [48;5;255m [0m [0m [48;5;255m [48;5;255m [0m [0m [0m [0m [48;5;255m [48;5;255m [0m [0m [48;5;255m [48;5;255m [0m
[48;5;255m [48;5;255m [0m [0m [0m [0m [0m [0m [0m [48;5;255m [48;5;255m [0m [0m [0m [0m [48;5;255m [48;5;255m [0m [0m [48;5;255m [48;5;255m [0m [0m [0m [48;5;255m [48;5;255m [0m [0m [0m [48;5;255m [48;5;255m [0m [0m [48;5;255m [48;5;255m [0m [0m [0m [0m [48;5;255m [48;5;255m [0m [0m [48;5;255m [48;5;255m [0m [0m [0m [0m [48;5;255m [48;5;255m [0m [0m [48;5;255m [48;5;255m [0m [0m [0m [0m [48;5;255m [48;5;255m [0m [0m [48;5;255m [48;5;255m [0m [0m [0m [0m [48;5;255m [48;5;255m [0m [0m [48;5;255m [48;5;255m [0m
[48;5;255m [48;5;255m [48;5;255m [48;5;255m [48;5;255m [48;5;255m [48;5;255m [0m [0m [48;5;255m [48;5;255m [48;5;255m [48;5;255m [48;5;255m [48;5;255m [48;5;255m [48;5;255m [0m [0m [48;5;255m [48;5;255m [0m [0m [0m [48;5;255m [48;5;255m [0m [0m [0m [48;5;255m [48;5;255m [0m [0m [48;5;255m [48;5;255m [48;5;255m [48;5;255m [48;5;255m [48;5;255m [48;5;255m [48;5;255m [0m [0m [48;5;255m [48;5;255m [48;5;255m [48;5;255m [48;5;255m [48;5;255m [48;5;255m [48;5;255m [0m [0m [48;5;255m [48;5;255m [48;5;255m [48;5;255m [48;5;255m [48;5;255m [48;5;255m [48;5;255m [0m [0m [48;5;255m [48;5;255m [48;5;255m [48;5;255m [48;5;255m [48;5;255m [48;5;255m [48;5;255m [0m [0m [48;5;255m [48;5;255m [48;5;255m [48;5;255m [48;5;255m [48;5;255m [48;5;255m [48;5;255m [0m
[0m [0m [0m [0m [0m [0m [0m [0m [0m [0m [0m [0m [0m [0m [0m [0m [0m [0m [0m [0m [0m [0m [0m [0m [0m [0m [0m [0m [0m [0m [0m [0m [0m [48;5;255m [48;5;255m [0m [0m [0m [0m [0m [0m [0m [0m [0m [0m [0m [0m
[0m [0m [0m [0m [0m [0m [0m [0m [0m [0m [0m [0m [0m [0m [0m [0m [0m [0m [0m [0m [0m [0m [0m [0m [0m [0m [0m [0m [0m [0m [0m [0m [0m [48;5;255m [48;5;255m [0m [0m [0m [0m [0m [0m [0m [0m [0m [0m [0m [0m
[0m [0m [0m [0m [0m [0m [0m [0m [0m [0m [0m [0m [0m [0m [0m [0m [0m [0m [0m [0m [0m [0m [0m [0m [0m [0m [0m [0m [0m [0m [0m [0m [0m [48;5;255m [48;5;255m [0m [0m [0m [0m [0m [0m [0m [0m [0m [0m [0m [0m

1.1.15

TypeScript version used by Compodoc : 4.4.2

TypeScript version of current project : 4.3.2

Node.js version : v12.18.3

Operating system : Linux 5.4

[11:45:35] No configuration file found, switching to CLI flags.
[11:45:35] Using tsconfig file : /home/saranya/Documents/ang-storybook/tsconfig.json
[11:45:35] Including      : /home/saranya/Documents/ang-storybook/.editorconfig
[11:45:35] Including      : /home/saranya/Documents/ang-storybook/.gitignore
[11:45:35] Including      : /home/saranya/Documents/ang-storybook/.browserslistrc
[11:45:35] Including      : /home/saranya/Documents/ang-storybook/README.md
[11:45:35] Including      : /home/saranya/Documents/ang-storybook/angular.json
[11:45:35] Including      : /home/saranya/Documents/ang-storybook/build-storybook.log
[11:45:35] Including      : /home/saranya/Documents/ang-storybook/chromatic
[11:45:35] Including      : /home/saranya/Documents/ang-storybook/documentation.json
[11:45:35] Including      : /home/saranya/Documents/ang-storybook/karma.conf.js
[11:45:35] Including      : /home/saranya/Documents/ang-storybook/package-lock.json
[11:45:35] Including      : /home/saranya/Documents/ang-storybook/package.json
[11:45:35] Including      : /home/saranya/Documents/ang-storybook/tsconfig.app.json
[11:45:35] Including      : /home/saranya/Documents/ang-storybook/tsconfig.json
[11:45:35] Including      : /home/saranya/Documents/ang-storybook/tsconfig.spec.json
[11:45:35] Including      : /home/saranya/Documents/ang-storybook/.storybook/main.js
[11:45:35] Including      : /home/saranya/Documents/ang-storybook/.storybook/preview.js
[11:45:35] Including      : /home/saranya/Documents/ang-storybook/.storybook/tsconfig.json
[11:45:35] Ignoring       : /home/saranya/Documents/ang-storybook/.storybook/typings.d.ts
[11:45:35] Including      : /home/saranya/Documents/ang-storybook/src/favicon.ico
[11:45:35] Including      : /home/saranya/Documents/ang-storybook/src/index.html
[11:45:35] Including      : /home/saranya/Documents/ang-storybook/src/main.ts
[11:45:35] Including      : /home/saranya/Documents/ang-storybook/src/polyfills.ts
[11:45:35] Including      : /home/saranya/Documents/ang-storybook/src/styles.css
[11:45:35] Including      : /home/saranya/Documents/ang-storybook/src/test.ts
[11:45:35] Including      : /home/saranya/Documents/ang-storybook/src/app/app-routing.module.ts
[11:45:35] Including      : /home/saranya/Documents/ang-storybook/src/app/app.component.css
[11:45:35] Including      : /home/saranya/Documents/ang-storybook/src/app/app.component.html
[11:45:35] Ignoring       : /home/saranya/Documents/ang-storybook/src/app/app.component.spec.ts
[11:45:35] Including      : /home/saranya/Documents/ang-storybook/src/app/app.component.ts
[11:45:35] Including      : /home/saranya/Documents/ang-storybook/src/app/app.module.ts
[11:45:35] Including      : /home/saranya/Documents/ang-storybook/src/assets/.gitkeep
[11:45:35] Including      : /home/saranya/Documents/ang-storybook/src/environments/environment.prod.ts
[11:45:35] Including      : /home/saranya/Documents/ang-storybook/src/environments/environment.ts
[11:45:35] Including      : /home/saranya/Documents/ang-storybook/src/stories/Button.stories.ts
[11:45:35] Including      : /home/saranya/Documents/ang-storybook/src/stories/ButtonGroup.stories.ts
[11:45:35] Including      : /home/saranya/Documents/ang-storybook/src/stories/Header.stories.ts
[11:45:35] Including      : /home/saranya/Documents/ang-storybook/src/stories/Introduction.stories.mdx
[11:45:35] Including      : /home/saranya/Documents/ang-storybook/src/stories/Page.stories.ts
[11:45:35] Including      : /home/saranya/Documents/ang-storybook/src/stories/Task.stories.ts
[11:45:35] Including      : /home/saranya/Documents/ang-storybook/src/stories/TaskList.stories.ts
[11:45:35] Including      : /home/saranya/Documents/ang-storybook/src/stories/button.component.ts
[11:45:35] Including      : /home/saranya/Documents/ang-storybook/src/stories/button.css
[11:45:35] Including      : /home/saranya/Documents/ang-storybook/src/stories/buttongroup.component.ts
[11:45:35] Including      : /home/saranya/Documents/ang-storybook/src/stories/header.component.ts
[11:45:35] Including      : /home/saranya/Documents/ang-storybook/src/stories/header.css
[11:45:35] Including      : /home/saranya/Documents/ang-storybook/src/stories/page.component.ts
[11:45:35] Including      : /home/saranya/Documents/ang-storybook/src/stories/page.css
[11:45:35] Including      : /home/saranya/Documents/ang-storybook/src/stories/task-list.component.ts
[11:45:35] Including      : /home/saranya/Documents/ang-storybook/src/stories/task.component.ts
[11:45:35] Including      : /home/saranya/Documents/ang-storybook/src/stories/task.model.ts
[11:45:35] Including      : /home/saranya/Documents/ang-storybook/src/stories/assets/code-brackets.svg
[11:45:35] Including      : /home/saranya/Documents/ang-storybook/src/stories/assets/colors.svg
[11:45:35] Including      : /home/saranya/Documents/ang-storybook/src/stories/assets/comments.svg
[11:45:35] Including      : /home/saranya/Documents/ang-storybook/src/stories/assets/direction.svg
[11:45:35] Including      : /home/saranya/Documents/ang-storybook/src/stories/assets/flow.svg
[11:45:35] Including      : /home/saranya/Documents/ang-storybook/src/stories/assets/plugin.svg
[11:45:35] Including      : /home/saranya/Documents/ang-storybook/src/stories/assets/repo.svg
[11:45:35] Including      : /home/saranya/Documents/ang-storybook/src/stories/assets/stackalt.svg
[11:45:35] Including      : /home/saranya/Documents/ang-storybook/src/app/src/stories/buttongroup.component.ts
[11:45:35] Searching package.json file
[11:45:35] package.json file found
[11:45:35] Processing package.json dependencies
[11:45:35] Searching README.md, CHANGELOG.md, CONTRIBUTING.md, LICENSE.md, TODO.md files
[11:45:35] README.md file found
[11:45:35] Error during /home/saranya/Documents/ang-storybook/CHANGELOG read
[11:45:35] Continuing without CHANGELOG.md file
[11:45:35] Error during /home/saranya/Documents/ang-storybook/CONTRIBUTING read
[11:45:35] Continuing without CONTRIBUTING.md file
[11:45:35] Error during /home/saranya/Documents/ang-storybook/LICENSE read
[11:45:35] Continuing without LICENSE.md file
[11:45:35] Error during /home/saranya/Documents/ang-storybook/TODO read
[11:45:35] Continuing without TODO.md file
[11:45:35] Get dependencies data
[11:45:35] parsing        : /home/saranya/Documents/ang-storybook/src/main.ts
[11:45:35] parsing        : /home/saranya/Documents/ang-storybook/src/polyfills.ts
[11:45:35] parsing        : /home/saranya/Documents/ang-storybook/src/test.ts
[11:45:35] found          : require
[11:45:35] found          : context
[11:45:35] parsing        : /home/saranya/Documents/ang-storybook/src/app/app-routing.module.ts
[11:45:35] Analysing routes definitions and clean them if necessary
[11:45:35] found          : AppRoutingModule
[11:45:35]                : - imports:
[11:45:35]                : 	- RouterModule
[11:45:35]                : - exports:
[11:45:35]                : 	- RouterModule
[11:45:35] parsing        : /home/saranya/Documents/ang-storybook/src/app/app.component.ts
[11:45:35] found          : AppComponent
[11:45:35] parsing        : /home/saranya/Documents/ang-storybook/src/app/app.module.ts
[11:45:35] found          : AppModule
[11:45:35]                : - imports:
[11:45:35]                : 	- BrowserModule
[11:45:35]                : 	- AppRoutingModule
[11:45:35]                : - declarations:
[11:45:35]                : 	- AppComponent
[11:45:35]                : 	- ButtonComponent
[11:45:35]                : 	- HeaderComponent
[11:45:35]                : 	- PageComponent
[11:45:35]                : 	- ButtongroupComponent
[11:45:35]                : 	- TaskComponent
[11:45:35]                : 	- TaskListComponent
[11:45:35]                : - bootstrap:
[11:45:35]                : 	- AppComponent
[11:45:35] parsing        : /home/saranya/Documents/ang-storybook/src/environments/environment.prod.ts
[11:45:35] found          : environment
[11:45:35] parsing        : /home/saranya/Documents/ang-storybook/src/environments/environment.ts
[11:45:35] found          : environment
[11:45:35] parsing        : /home/saranya/Documents/ang-storybook/src/stories/Button.stories.ts
[11:45:35] found          : Template
[11:45:35] found          : Primary
[11:45:35] found          : Secondary
[11:45:35] found          : Large
[11:45:35] found          : Small
[11:45:35] parsing        : /home/saranya/Documents/ang-storybook/src/stories/ButtonGroup.stories.ts
[11:45:35] found          : Template
[11:45:35] found          : Pair
[11:45:35] parsing        : /home/saranya/Documents/ang-storybook/src/stories/Header.stories.ts
[11:45:35] found          : Template
[11:45:35] found          : LoggedIn
[11:45:35] found          : LoggedOut
[11:45:35] parsing        : /home/saranya/Documents/ang-storybook/src/stories/Page.stories.ts
[11:45:36] found          : Template
[11:45:36] found          : LoggedIn
[11:45:36] found          : LoggedOut
[11:45:36] parsing        : /home/saranya/Documents/ang-storybook/src/stories/Task.stories.ts
[11:45:36] found          : actionsData
[11:45:36] found          : Template
[11:45:36] found          : Default
[11:45:36] found          : Pinned
[11:45:36] found          : Archived
[11:45:36] parsing        : /home/saranya/Documents/ang-storybook/src/stories/TaskList.stories.ts
[11:45:36] found          : Template
[11:45:36] found          : Default
[11:45:36] found          : WithPinnedTasks
[11:45:36] found          : Loading
[11:45:36] found          : Empty
[11:45:36] parsing        : /home/saranya/Documents/ang-storybook/src/stories/button.component.ts
[11:45:36] found          : ButtonComponent
[11:45:36] parsing        : /home/saranya/Documents/ang-storybook/src/stories/buttongroup.component.ts
[11:45:36] found          : ButtongroupComponent
[11:45:36] parsing        : /home/saranya/Documents/ang-storybook/src/stories/header.component.ts
[11:45:36] found          : HeaderComponent
[11:45:36] parsing        : /home/saranya/Documents/ang-storybook/src/stories/page.component.ts
[11:45:36] found          : PageComponent
[11:45:36] parsing        : /home/saranya/Documents/ang-storybook/src/stories/task-list.component.ts
[11:45:36] found          : TaskListComponent
[11:45:36] parsing        : /home/saranya/Documents/ang-storybook/src/stories/task.component.ts
[11:45:36] found          : TaskComponent
[11:45:36] parsing        : /home/saranya/Documents/ang-storybook/src/stories/task.model.ts
[11:45:36] found          : Task
[11:45:36] parsing        : /home/saranya/Documents/ang-storybook/src/app/src/stories/buttongroup.component.ts
[11:45:36] found          : ButtongroupComponent
[11:45:36] -------------------
[11:45:36] Project statistics 
[11:45:36] - files      : 57
[11:45:36] - module     : 2
[11:45:36] - component  : 8
[11:45:36] - interface  : 1
[11:45:36] -------------------
[11:45:36] Prepare components
[11:45:36]  AppComponent has a templateUrl, include it
[11:45:36]  AppComponent has styleUrls, include them
[11:45:36]  ButtonComponent has styleUrls, include them
[11:45:36]  HeaderComponent has styleUrls, include them
[11:45:36]  PageComponent has styleUrls, include them
[11:45:36] Prepare modules
[11:45:36] Process routes
[11:45:36] Prepare interfaces
[11:45:36] Prepare miscellaneous
[11:45:36] Process documentation coverage report
[11:45:36] Generating documentation in export format json
[11:45:36] Documentation generated in ./ in 0.904 seconds
info @storybook/angular v6.3.12
info 
info => Cleaning outputDir: /tmp/chromatic--11063-Vtyn1zKzV5CQ
info => Loading presets
info => Compiling preview..
info => Loading 1 config file in "/home/saranya/Documents/ang-storybook/.storybook"
info => Loading 9 other files in "/home/saranya/Documents/ang-storybook/.storybook"
info => Adding stories defined in "/home/saranya/Documents/ang-storybook/.storybook/main.js"
info => Found custom tsconfig.json
info => Using implicit CSS loaders
info => Loading angular-cli config
info => Using angular project "create-app:build" for configuring Storybook
info => Using angular-cli webpack config
info => Using default Webpack5 setup
<s> [webpack.Progress] 0% 

<s> [webpack.Progress] 1% setup initialize
<s> [webpack.Progress] 1% setup initialize HtmlWebpackPlugin
<s> [webpack.Progress] 1% setup initialize
<s> [webpack.Progress] 2% setup before run
<s> [webpack.Progress] 2% setup before run NodeEnvironmentPlugin
<s> [webpack.Progress] 2% setup before run
<s> [webpack.Progress] 3% setup run
<s> [webpack.Progress] 3% setup run fork-ts-checker-webpack-plugin
<s> [webpack.Progress] 3% setup run
<s> [webpack.Progress] 4% setup normal module factory
<s> [webpack.Progress] 4% setup normal module factory CaseSensitivePathsPlugin
<s> [webpack.Progress] 4% setup normal module factory
<s> [webpack.Progress] 5% setup context module factory
<s> [webpack.Progress] 5% setup context module factory ContextReplacementPlugin
<s> [webpack.Progress] 5% setup context module factory ContextReplacementPlugin
<s> [webpack.Progress] 5% setup context module factory
<s> [webpack.Progress] 6% setup before compile
<s> [webpack.Progress] 6% setup before compile ProgressPlugin
<s> [webpack.Progress] 6% setup before compile
<s> [webpack.Progress] 7% setup compile
<s> [webpack.Progress] 7% setup compile fork-ts-checker-webpack-plugin
Starting type checking service...
<s> [webpack.Progress] 7% setup compile ExternalsPlugin
<s> [webpack.Progress] 7% setup compile
<s> [webpack.Progress] 8% setup compilation
<s> [webpack.Progress] 8% setup compilation CopyPlugin
<s> [webpack.Progress] 8% setup compilation ArrayPushCallbackChunkFormatPlugin
<s> [webpack.Progress] 8% setup compilation JsonpChunkLoadingPlugin
<s> [webpack.Progress] 8% setup compilation StartupChunkDependenciesPlugin
<s> [webpack.Progress] 8% setup compilation ImportScriptsChunkLoadingPlugin
<s> [webpack.Progress] 8% setup compilation FetchCompileWasmPlugin
<s> [webpack.Progress] 8% setup compilation FetchCompileAsyncWasmPlugin
<s> [webpack.Progress] 8% setup compilation WorkerPlugin
<s> [webpack.Progress] 8% setup compilation SplitChunksPlugin
<s> [webpack.Progress] 8% setup compilation RuntimeChunkPlugin
<s> [webpack.Progress] 8% setup compilation ResolverCachePlugin
<s> [webpack.Progress] 8% setup compilation HtmlWebpackPlugin
<s> [webpack.Progress] 8% setup compilation
<s> [webpack.Progress] 9% setup compilation
<s> [webpack.Progress] 9% setup compilation AnyComponentStyleBudgetChecker
<s> [webpack.Progress] 9% setup compilation DedupeModuleResolvePlugin
<s> [webpack.Progress] 9% setup compilation DefinePlugin
<s> [webpack.Progress] 9% setup compilation ProgressPlugin
<s> [webpack.Progress] 9% setup compilation ChunkPrefetchPreloadPlugin
<s> [webpack.Progress] 9% setup compilation SourceMapDevToolPlugin
<s> [webpack.Progress] 9% setup compilation JavascriptModulesPlugin
<s> [webpack.Progress] 9% setup compilation JsonModulesPlugin
<s> [webpack.Progress] 9% setup compilation AssetModulesPlugin
<s> [webpack.Progress] 9% setup compilation EntryPlugin
<s> [webpack.Progress] 9% setup compilation EntryPlugin
<s> [webpack.Progress] 9% setup compilation EntryPlugin
<s> [webpack.Progress] 9% setup compilation EntryPlugin
<s> [webpack.Progress] 9% setup compilation EntryPlugin
<s> [webpack.Progress] 9% setup compilation EntryPlugin
<s> [webpack.Progress] 9% setup compilation EntryPlugin
<s> [webpack.Progress] 9% setup compilation EntryPlugin
<s> [webpack.Progress] 9% setup compilation EntryPlugin
<s> [webpack.Progress] 9% setup compilation EntryPlugin
<s> [webpack.Progress] 9% setup compilation EntryPlugin
<s> [webpack.Progress] 9% setup compilation EntryPlugin
<s> [webpack.Progress] 9% setup compilation EntryPlugin
<s> [webpack.Progress] 9% setup compilation EntryPlugin
<s> [webpack.Progress] 9% setup compilation EntryPlugin
<s> [webpack.Progress] 9% setup compilation RuntimePlugin
<s> [webpack.Progress] 9% setup compilation InferAsyncModulesPlugin
<s> [webpack.Progress] 9% setup compilation DataUriPlugin
<s> [webpack.Progress] 9% setup compilation FileUriPlugin
<s> [webpack.Progress] 9% setup compilation CompatibilityPlugin
<s> [webpack.Progress] 9% setup compilation HarmonyModulesPlugin
<s> [webpack.Progress] 9% setup compilation AMDPlugin
<s> [webpack.Progress] 9% setup compilation RequireJsStuffPlugin
<s> [webpack.Progress] 9% setup compilation CommonJsPlugin
<s> [webpack.Progress] 9% setup compilation LoaderPlugin
<s> [webpack.Progress] 9% setup compilation LoaderPlugin
<s> [webpack.Progress] 9% setup compilation NodeStuffPlugin
<s> [webpack.Progress] 9% setup compilation APIPlugin
<s> [webpack.Progress] 9% setup compilation ExportsInfoApiPlugin
<s> [webpack.Progress] 9% setup compilation WebpackIsIncludedPlugin
<s> [webpack.Progress] 9% setup compilation ConstPlugin
<s> [webpack.Progress] 9% setup compilation UseStrictPlugin
<s> [webpack.Progress] 9% setup compilation RequireIncludePlugin
<s> [webpack.Progress] 9% setup compilation RequireEnsurePlugin
<s> [webpack.Progress] 9% setup compilation RequireContextPlugin
<s> [webpack.Progress] 9% setup compilation ImportPlugin
<s> [webpack.Progress] 9% setup compilation SystemPlugin
<s> [webpack.Progress] 9% setup compilation ImportMetaPlugin
<s> [webpack.Progress] 9% setup compilation URLPlugin
<s> [webpack.Progress] 9% setup compilation DefaultStatsFactoryPlugin
<s> [webpack.Progress] 9% setup compilation DefaultStatsPresetPlugin
<s> [webpack.Progress] 9% setup compilation DefaultStatsPrinterPlugin
<s> [webpack.Progress] 9% setup compilation JavascriptMetaInfoPlugin
<s> [webpack.Progress] 9% setup compilation EnsureChunkConditionsPlugin
<s> [webpack.Progress] 9% setup compilation RemoveEmptyChunksPlugin
<s> [webpack.Progress] 9% setup compilation MergeDuplicateChunksPlugin
<s> [webpack.Progress] 9% setup compilation FlagIncludedChunksPlugin
<s> [webpack.Progress] 9% setup compilation SideEffectsFlagPlugin
<s> [webpack.Progress] 9% setup compilation FlagDependencyExportsPlugin
<s> [webpack.Progress] 9% setup compilation FlagDependencyUsagePlugin
<s> [webpack.Progress] 9% setup compilation InnerGraphPlugin
<s> [webpack.Progress] 9% setup compilation MangleExportsPlugin
<s> [webpack.Progress] 9% setup compilation ModuleConcatenationPlugin
<s> [webpack.Progress] 9% setup compilation NoEmitOnErrorsPlugin
<s> [webpack.Progress] 9% setup compilation RealContentHashPlugin
<s> [webpack.Progress] 9% setup compilation WasmFinalizeExportsPlugin
<s> [webpack.Progress] 9% setup compilation DeterministicModuleIdsPlugin
<s> [webpack.Progress] 9% setup compilation DeterministicChunkIdsPlugin
<s> [webpack.Progress] 9% setup compilation DefinePlugin
<s> [webpack.Progress] 9% setup compilation TerserPlugin
<s> [webpack.Progress] 9% setup compilation TemplatedPathPlugin
<s> [webpack.Progress] 9% setup compilation RecordIdsPlugin
<s> [webpack.Progress] 9% setup compilation WarnCaseSensitiveModulesPlugin
<s> [webpack.Progress] 9% setup compilation IgnoreWarningsPlugin
<s> [webpack.Progress] 9% setup compilation
<s> [webpack.Progress] 10% building
<s> [webpack.Progress] 10% building 0/1 entries 0/0 dependencies 0/0 modules
<s> [webpack.Progress] 10% building import loader ./node_modules/babel-loader/lib/index.js
<s> [webpack.Progress] 10% building 0/15 entries 3/15 dependencies 0/3 modules
<s> [webpack.Progress] 10% building import loader ./node_modules/style-loader/dist/cjs.js
<s> [webpack.Progress] 10% building import loader ./node_modules/css-loader/dist/cjs.js
<s> [webpack.Progress] 10% building import loader ./node_modules/postcss-loader/dist/cjs.js
<s> [webpack.Progress] 10% building 0/15 entries 11/15 dependencies 0/11 modules
<s> [webpack.Progress] 10% building 0/15 entries 16/45 dependencies 0/16 modules
<s> [webpack.Progress] 13% building 1/15 entries 45/83 dependencies 5/42 modules
<s> [webpack.Progress] 13% building 1/15 entries 138/224 dependencies 12/87 modules
<s> [webpack.Progress] 13% building import loader ./node_modules/@mdx-js/loader/index.js
<s> [webpack.Progress] 13% building 1/15 entries 138/224 dependencies 13/87 modules
<s> [webpack.Progress] 17% building 2/15 entries 138/224 dependencies 13/87 modules
<s> [webpack.Progress] 17% building import loader ./node_modules/ts-loader/index.js
<s> [webpack.Progress] 17% building import loader ./node_modules/@storybook/angular/dist/ts3.9/server/ngx-template-loader/index.js
<s> [webpack.Progress] 17% building import loader ./node_modules/@storybook/source-loader/dist/cjs/index.js
<s> [webpack.Progress] 17% building 2/15 entries 166/228 dependencies 13/96 modules
<s> [webpack.Progress] 17% building 2/15 entries 179/300 dependencies 14/108 modules
<s> [webpack.Progress] 17% building 2/15 entries 184/421 dependencies 15/112 modules
<s> [webpack.Progress] 17% building 2/15 entries 206/500 dependencies 15/128 modules
<s> [webpack.Progress] 17% building 2/15 entries 528/575 dependencies 17/263 modules
[BABEL] Note: The code generator has deoptimised the styling of /home/saranya/Documents/ang-storybook/node_modules/prettier/standalone.js as it exceeds the max of 500KB.
<s> [webpack.Progress] 17% building 2/15 entries 700/851 dependencies 22/274 modules
<s> [webpack.Progress] 17% building 2/15 entries 1100/1186 dependencies 73/317 modules
<s> [webpack.Progress] 17% building 2/15 entries 1182/1300 dependencies 83/339 modules
<s> [webpack.Progress] 17% building 2/15 entries 1294/1380 dependencies 100/374 modules
<s> [webpack.Progress] 17% building 2/15 entries 1594/1648 dependencies 200/432 modules
<s> [webpack.Progress] 17% building import loader ./node_modules/raw-loader/dist/cjs.js
<s> [webpack.Progress] 17% building 2/15 entries 1608/1648 dependencies 240/433 modules
<s> [webpack.Progress] 17% building 2/15 entries 1700/1954 dependencies 270/445 modules
<s> [webpack.Progress] 17% building 2/15 entries 2051/2200 dependencies 294/524 modules
<s> [webpack.Progress] 17% building 2/15 entries 2439/2495 dependencies 341/600 modules
<s> [webpack.Progress] 17% building 2/15 entries 2700/2781 dependencies 375/639 modules
<s> [webpack.Progress] 17% building 2/15 entries 2999/3100 dependencies 407/848 modules
<s> [webpack.Progress] 17% building 2/15 entries 3400/3458 dependencies 496/952 modules
<s> [webpack.Progress] 17% building 2/15 entries 3653/3700 dependencies 567/1019 modules
<s> [webpack.Progress] 17% building 2/15 entries 3709/3800 dependencies 595/1022 modules
<s> [webpack.Progress] 18% building 2/15 entries 4040/4100 dependencies 773/1072 modules
<s> [webpack.Progress] 20% building 2/15 entries 4400/4472 dependencies 932/1139 modules
<s> [webpack.Progress] 21% building 2/15 entries 4763/4800 dependencies 1070/1232 modules
<s> [webpack.Progress] 22% building 3/15 entries 4930/4979 dependencies 1122/1261 modules
<s> [webpack.Progress] 24% building 4/15 entries 4930/4979 dependencies 1123/1261 modules
<s> [webpack.Progress] 28% building 5/15 entries 4930/4979 dependencies 1124/1261 modules
<s> [webpack.Progress] 32% building 6/15 entries 4930/4979 dependencies 1125/1261 modules
<s> [webpack.Progress] 35% building 7/15 entries 4930/4979 dependencies 1126/1261 modules
<s> [webpack.Progress] 39% building 8/15 entries 4930/4979 dependencies 1127/1261 modules
<s> [webpack.Progress] 43% building 9/15 entries 4930/4979 dependencies 1128/1261 modules
<s> [webpack.Progress] 46% building 10/15 entries 4930/4979 dependencies 1129/1261 modules
<s> [webpack.Progress] 50% building 11/15 entries 4930/4979 dependencies 1130/1261 modules
<s> [webpack.Progress] 50% building 11/15 entries 5300/5328 dependencies 1256/1368 modules
<s> [webpack.Progress] 54% building 12/15 entries 5421/5428 dependencies 1350/1399 modules
<s> [webpack.Progress] 57% building 13/15 entries 5448/5452 dependencies 1389/1405 modules
<s> [webpack.Progress] 61% building 14/15 entries 5448/5452 dependencies 1390/1405 modules
<s> [webpack.Progress] 65% building 15/15 entries 5458/5458 dependencies 1409/1409 modules
<s> [webpack.Progress] 65% building
<s> [webpack.Progress] 69% building finish
<s> [webpack.Progress] 69% building finish
<s> [webpack.Progress] 70% sealing finish module graph
<s> [webpack.Progress] 70% sealing finish module graph ResolverCachePlugin
<s> [webpack.Progress] 70% sealing finish module graph InferAsyncModulesPlugin
<s> [webpack.Progress] 70% sealing finish module graph FlagDependencyExportsPlugin
<s> [webpack.Progress] 70% sealing finish module graph InnerGraphPlugin
<s> [webpack.Progress] 70% sealing finish module graph WasmFinalizeExportsPlugin
<s> [webpack.Progress] 70% sealing finish module graph
<s> [webpack.Progress] 70% sealing plugins
<s> [webpack.Progress] 70% sealing plugins WarnCaseSensitiveModulesPlugin
<s> [webpack.Progress] 70% sealing plugins
<s> [webpack.Progress] 71% sealing dependencies optimization
<s> [webpack.Progress] 71% sealing dependencies optimization SideEffectsFlagPlugin
<s> [webpack.Progress] 71% sealing dependencies optimization FlagDependencyUsagePlugin
<s> [webpack.Progress] 71% sealing dependencies optimization
<s> [webpack.Progress] 71% sealing after dependencies optimization
<s> [webpack.Progress] 71% sealing after dependencies optimization
<s> [webpack.Progress] 72% sealing chunk graph
<s> [webpack.Progress] 72% sealing chunk graph
<s> [webpack.Progress] 73% sealing after chunk graph
<s> [webpack.Progress] 73% sealing after chunk graph
<s> [webpack.Progress] 73% sealing optimizing
<s> [webpack.Progress] 73% sealing optimizing
<s> [webpack.Progress] 74% sealing module optimization
<s> [webpack.Progress] 74% sealing module optimization
<s> [webpack.Progress] 75% sealing after module optimization
<s> [webpack.Progress] 75% sealing after module optimization
<s> [webpack.Progress] 75% sealing chunk optimization
<s> [webpack.Progress] 75% sealing chunk optimization EnsureChunkConditionsPlugin
<s> [webpack.Progress] 75% sealing chunk optimization RemoveEmptyChunksPlugin
<s> [webpack.Progress] 75% sealing chunk optimization MergeDuplicateChunksPlugin
<s> [webpack.Progress] 75% sealing chunk optimization SplitChunksPlugin
<s> [webpack.Progress] 75% sealing chunk optimization RemoveEmptyChunksPlugin
<s> [webpack.Progress] 75% sealing chunk optimization
<s> [webpack.Progress] 76% sealing after chunk optimization
<s> [webpack.Progress] 76% sealing after chunk optimization
<s> [webpack.Progress] 77% sealing module and chunk tree optimization
<s> [webpack.Progress] 77% sealing module and chunk tree optimization PersistentChildCompilerSingletonPlugin
<s> [webpack.Progress] 77% sealing module and chunk tree optimization
<s> [webpack.Progress] 77% sealing after module and chunk tree optimization
<s> [webpack.Progress] 77% sealing after module and chunk tree optimization
<s> [webpack.Progress] 78% sealing chunk modules optimization
<s> [webpack.Progress] 78% sealing chunk modules optimization ModuleConcatenationPlugin
<s> [webpack.Progress] 78% sealing chunk modules optimization
<s> [webpack.Progress] 78% sealing after chunk modules optimization
<s> [webpack.Progress] 78% sealing after chunk modules optimization
<s> [webpack.Progress] 79% sealing module reviving
<s> [webpack.Progress] 79% sealing module reviving RecordIdsPlugin
<s> [webpack.Progress] 79% sealing module reviving
<s> [webpack.Progress] 80% sealing before module ids
<s> [webpack.Progress] 80% sealing before module ids
<s> [webpack.Progress] 80% sealing module ids
<s> [webpack.Progress] 80% sealing module ids DeterministicModuleIdsPlugin
<s> [webpack.Progress] 80% sealing module ids
<s> [webpack.Progress] 81% sealing module id optimization
<s> [webpack.Progress] 81% sealing module id optimization
<s> [webpack.Progress] 82% sealing module id optimization
<s> [webpack.Progress] 82% sealing module id optimization
<s> [webpack.Progress] 82% sealing chunk reviving
<s> [webpack.Progress] 82% sealing chunk reviving RecordIdsPlugin
<s> [webpack.Progress] 82% sealing chunk reviving
<s> [webpack.Progress] 83% sealing before chunk ids
<s> [webpack.Progress] 83% sealing before chunk ids
<s> [webpack.Progress] 84% sealing chunk ids
<s> [webpack.Progress] 84% sealing chunk ids DeterministicChunkIdsPlugin
<s> [webpack.Progress] 84% sealing chunk ids
<s> [webpack.Progress] 84% sealing chunk id optimization
<s> [webpack.Progress] 84% sealing chunk id optimization FlagIncludedChunksPlugin
<s> [webpack.Progress] 84% sealing chunk id optimization
<s> [webpack.Progress] 85% sealing after chunk id optimization
<s> [webpack.Progress] 85% sealing after chunk id optimization
<s> [webpack.Progress] 86% sealing record modules
<s> [webpack.Progress] 86% sealing record modules RecordIdsPlugin
<s> [webpack.Progress] 86% sealing record modules
<s> [webpack.Progress] 86% sealing record chunks
<s> [webpack.Progress] 86% sealing record chunks RecordIdsPlugin
<s> [webpack.Progress] 86% sealing record chunks
<s> [webpack.Progress] 87% sealing module hashing
<s> [webpack.Progress] 87% sealing module hashing
<s> [webpack.Progress] 87% sealing code generation
<s> [webpack.Progress] 87% sealing code generation
<s> [webpack.Progress] 88% sealing runtime requirements
<s> [webpack.Progress] 88% sealing runtime requirements
<s> [webpack.Progress] 89% sealing hashing
<s> [webpack.Progress] 89% sealing hashing
<s> [webpack.Progress] 89% sealing after hashing
<s> [webpack.Progress] 89% sealing after hashing
<s> [webpack.Progress] 90% sealing record hash
<s> [webpack.Progress] 90% sealing record hash
<s> [webpack.Progress] 91% sealing module assets processing
<s> [webpack.Progress] 91% sealing module assets processing
<s> [webpack.Progress] 91% sealing chunk assets processing
<s> [webpack.Progress] 91% sealing chunk assets processing
<s> [webpack.Progress] 92% sealing asset processing
<s> [webpack.Progress] 92% sealing asset processing copy-webpack-plugin
<s> [webpack.Progress] 92% sealing asset processing PersistentChildCompilerSingletonPlugin
<s> [webpack.Progress] 92% sealing asset processing TerserPlugin
<s> [webpack.Progress] 92% sealing asset processing SourceMapDevToolPlugin
<s> [webpack.Progress] 92% sealing asset processing SourceMapDevToolPlugin
<s> [webpack.Progress] 92% sealing asset processing SourceMapDevToolPlugin main.ac32f25a.iframe.bundle.js generate SourceMap
<s> [webpack.Progress] 92% sealing asset processing SourceMapDevToolPlugin main.ac32f25a.iframe.bundle.js generated SourceMap
<s> [webpack.Progress] 92% sealing asset processing SourceMapDevToolPlugin runtime~main.000c44a2.iframe.bundle.js generate SourceMap
<s> [webpack.Progress] 92% sealing asset processing SourceMapDevToolPlugin runtime~main.000c44a2.iframe.bundle.js generated SourceMap
<s> [webpack.Progress] 92% sealing asset processing SourceMapDevToolPlugin 90.89ec8a90.iframe.bundle.js generate SourceMap
<s> [webpack.Progress] 92% sealing asset processing SourceMapDevToolPlugin 90.89ec8a90.iframe.bundle.js generated SourceMap
<s> [webpack.Progress] 92% sealing asset processing SourceMapDevToolPlugin 913.ca94e949.iframe.bundle.js generate SourceMap
<s> [webpack.Progress] 92% sealing asset processing SourceMapDevToolPlugin 913.ca94e949.iframe.bundle.js generated SourceMap
<s> [webpack.Progress] 92% sealing asset processing SourceMapDevToolPlugin 881.7c12bf69.iframe.bundle.js generate SourceMap
<s> [webpack.Progress] 92% sealing asset processing SourceMapDevToolPlugin 881.7c12bf69.iframe.bundle.js generated SourceMap
<s> [webpack.Progress] 92% sealing asset processing SourceMapDevToolPlugin 459.d10a51ef.iframe.bundle.js generate SourceMap
<s> [webpack.Progress] 92% sealing asset processing SourceMapDevToolPlugin 459.d10a51ef.iframe.bundle.js generated SourceMap
<s> [webpack.Progress] 92% sealing asset processing SourceMapDevToolPlugin 331.06adf40c.iframe.bundle.js generate SourceMap
<s> [webpack.Progress] 92% sealing asset processing SourceMapDevToolPlugin 331.06adf40c.iframe.bundle.js generated SourceMap
<s> [webpack.Progress] 92% sealing asset processing SourceMapDevToolPlugin 974.097d4f9d.iframe.bundle.js generate SourceMap
<s> [webpack.Progress] 92% sealing asset processing SourceMapDevToolPlugin 974.097d4f9d.iframe.bundle.js generated SourceMap
<s> [webpack.Progress] 92% sealing asset processing SourceMapDevToolPlugin resolve sources
<s> [webpack.Progress] 92% sealing asset processing SourceMapDevToolPlugin main.ac32f25a.iframe.bundle.js attach SourceMap
<s> [webpack.Progress] 92% sealing asset processing SourceMapDevToolPlugin main.ac32f25a.iframe.bundle.js attached SourceMap
<s> [webpack.Progress] 92% sealing asset processing SourceMapDevToolPlugin runtime~main.000c44a2.iframe.bundle.js attach SourceMap
<s> [webpack.Progress] 92% sealing asset processing SourceMapDevToolPlugin runtime~main.000c44a2.iframe.bundle.js attached SourceMap
<s> [webpack.Progress] 92% sealing asset processing SourceMapDevToolPlugin 90.89ec8a90.iframe.bundle.js attach SourceMap
<s> [webpack.Progress] 92% sealing asset processing SourceMapDevToolPlugin 90.89ec8a90.iframe.bundle.js attached SourceMap
<s> [webpack.Progress] 92% sealing asset processing SourceMapDevToolPlugin 913.ca94e949.iframe.bundle.js attach SourceMap
<s> [webpack.Progress] 92% sealing asset processing SourceMapDevToolPlugin 913.ca94e949.iframe.bundle.js attached SourceMap
<s> [webpack.Progress] 92% sealing asset processing SourceMapDevToolPlugin 881.7c12bf69.iframe.bundle.js attach SourceMap
<s> [webpack.Progress] 92% sealing asset processing SourceMapDevToolPlugin 881.7c12bf69.iframe.bundle.js attached SourceMap
<s> [webpack.Progress] 92% sealing asset processing SourceMapDevToolPlugin 459.d10a51ef.iframe.bundle.js attach SourceMap
<s> [webpack.Progress] 92% sealing asset processing SourceMapDevToolPlugin 459.d10a51ef.iframe.bundle.js attached SourceMap
<s> [webpack.Progress] 92% sealing asset processing SourceMapDevToolPlugin 331.06adf40c.iframe.bundle.js attach SourceMap
<s> [webpack.Progress] 92% sealing asset processing SourceMapDevToolPlugin 331.06adf40c.iframe.bundle.js attached SourceMap
<s> [webpack.Progress] 92% sealing asset processing SourceMapDevToolPlugin 974.097d4f9d.iframe.bundle.js attach SourceMap
<s> [webpack.Progress] 92% sealing asset processing SourceMapDevToolPlugin 974.097d4f9d.iframe.bundle.js attached SourceMap
<s> [webpack.Progress] 92% sealing asset processing SourceMapDevToolPlugin
<s> [webpack.Progress] 92% sealing asset processing SourceMapDevToolPlugin
<s> [webpack.Progress] 92% sealing asset processing SourceMapDevToolPlugin resolve sources
<s> [webpack.Progress] 92% sealing asset processing SourceMapDevToolPlugin
<s> [webpack.Progress] 92% sealing asset processing HtmlWebpackPlugin
<s> [webpack.Progress] 92% sealing asset processing HtmlWebpackPlugin
<s> [webpack.Progress] 92% sealing asset processing HtmlWebpackPlugin resolve sources
<s> [webpack.Progress] 92% sealing asset processing HtmlWebpackPlugin
<s> [webpack.Progress] 92% sealing asset processing RealContentHashPlugin
<s> [webpack.Progress] 92% sealing asset processing RealContentHashPlugin
<s> [webpack.Progress] 92% sealing asset processing RealContentHashPlugin resolve sources
<s> [webpack.Progress] 92% sealing asset processing RealContentHashPlugin
<s> [webpack.Progress] 92% sealing asset processing AnyComponentStyleBudgetChecker
<s> [webpack.Progress] 92% sealing asset processing
<s> [webpack.Progress] 93% sealing after asset optimization
<s> [webpack.Progress] 93% sealing after asset optimization
<s> [webpack.Progress] 93% sealing recording
<s> [webpack.Progress] 93% sealing recording
<s> [webpack.Progress] 94% sealing after seal
<s> [webpack.Progress] 94% sealing after seal
<s> [webpack.Progress] 95% emitting emit
<s> [webpack.Progress] 95% emitting emit fork-ts-checker-webpack-plugin
<s> [webpack.Progress] 95% emitting emit
<s> [webpack.Progress] 98% emitting after emit
<s> [webpack.Progress] 98% emitting after emit SizeLimitsPlugin
<s> [webpack.Progress] 98% emitting after emit
<s> [webpack.Progress] 99% done plugins
<s> [webpack.Progress] 99% done plugins CaseSensitivePathsPlugin
<s> [webpack.Progress] 99% done plugins fork-ts-checker-webpack-plugin
<s> [webpack.Progress] 99% done plugins fork-ts-checker-webpack-plugin
<s> [webpack.Progress] 99% done plugins
<s> [webpack.Progress] 99% 

<s> [webpack.Progress] 99% cache store build dependencies
<s> [webpack.Progress] 99% cache store build dependencies
<s> [webpack.Progress] 99% cache begin idle
<s> [webpack.Progress] 99% cache begin idle
<s> [webpack.Progress] 100% 

info => Preview built (1.88 min)
WARN System.import() is deprecated and will be removed soon. Use import() instead.
WARN For more info visit https://webpack.js.org/guides/code-splitting/
WARN System.import() is deprecated and will be removed soon. Use import() instead.
WARN For more info visit https://webpack.js.org/guides/code-splitting/
WARN export 'Task' (imported as 'Task') was not found in './task.model' (module has no exports)
WARN export 'Task' (imported as 'Task') was not found in './task.model' (module has no exports)
WARN asset size limit: The following asset(s) exceed the recommended size limit (244 KiB).
WARN This can impact web performance.
WARN Assets: 
WARN   974.ee325260.iframe.bundle.js (3.88 MiB)
WARN entrypoint size limit: The following entrypoint(s) combined asset size exceeds the recommended limit (244 KiB). This can impact web performance.
WARN Entrypoints:
WARN   main (3.98 MiB)
WARN       runtime~main.7395118c.iframe.bundle.js
WARN       974.ee325260.iframe.bundle.js
WARN       main.715caf1d.iframe.bundle.js
WARN 
<s> [webpack.Progress] 99% cache shutdown
<s> [webpack.Progress] 99% cache shutdown
<s> [webpack.Progress] 100% 

info => Output directory: /tmp/chromatic--11063-Vtyn1zKzV5CQ
